<?xml version="1.0" encoding="UTF-8"?>
<testsuite xmlns:xsi="http://www.w3.org/2001/XMLSchema-instance" xsi:noNamespaceSchemaLocation="https://maven.apache.org/surefire/maven-surefire-plugin/xsd/surefire-test-report.xsd" name="cucumberOptions.TestRunner" time="252.202" tests="3" errors="2" skipped="0" failures="0">
  <properties>
[...]
</properties>
  <testcase name="Search for items and Validate results" classname="Search and Place order for vegetables" time="107.584"/>
  <testcase name="Search for items and then move to checkout page #1" classname="Search and Place order for vegetables" time="107.8">
    <error message="The step &quot;User searched for Brinjal vegetables&quot; is undefined. You can implement it using the snippet(s) below:&#10;&#10;@When(&quot;User searched for Brinjal vegetables&quot;)&#10;public void user_searched_for_brinjal_vegetables() {&#10;    // Write code here that turns the phrase above into concrete actions&#10;    throw new io.cucumber.java.PendingException();&#10;}&#10;&#10;&#10;Some other steps were also undefined:&#10;&#10;@Then(&quot;Verify selected Brinjal items are displayed in checkout page&quot;)&#10;public void verify_selected_brinjal_items_are_displayed_in_checkout_page() {&#10;    // Write code here that turns the phrase above into concrete actions&#10;    throw new io.cucumber.java.PendingException();&#10;}&#10;" type="io.cucumber.junit.UndefinedStepException">io.cucumber.junit.UndefinedStepException: 
The step "User searched for Brinjal vegetables" is undefined. You can implement it using the snippet(s) below:

@When("User searched for Brinjal vegetables")
public void user_searched_for_brinjal_vegetables() {
    // Write code here that turns the phrase above into concrete actions
    throw new io.cucumber.java.PendingException();
}


Some other steps were also undefined:

@Then("Verify selected Brinjal items are displayed in checkout page")
public void verify_selected_brinjal_items_are_displayed_in_checkout_page() {
    // Write code here that turns the phrase above into concrete actions
    throw new io.cucumber.java.PendingException();
}

</error>
    <system-out><![CDATA[
@SeleniumTest
Scenario Outline: Search for items and then move to checkout page   # src/test/java/features/searchField.feature:20
  Given User is on GreenKart Landing Page                           # stepDefinations.MyStepDefinition.user_is_on_green_kart_landing_page()
  When User searched for Brinjal vegetables                         # null
  And Added items to cart                                           # stepDefinations.MyStepDefinition.added_items_to_cart()
  And User proceeded to checkout page for purchase                  # stepDefinations.MyStepDefinition.user_proceeded_to_checkout_page_for_purchase()
  Then Verify selected Brinjal items are displayed in checkout page # null
]]></system-out>
    <system-err><![CDATA[Starting ChromeDriver 85.0.4183.87 (cd6713ebf92fa1cacc0f1a598df280093af0c5d7-refs/branch-heads/4183@{#1689}) on port 42240
Only local connections are allowed.
Please see https://chromedriver.chromium.org/security-considerations for suggestions on keeping ChromeDriver safe.
ChromeDriver was started successfully.
Sep 23, 2020 10:16:53 PM org.openqa.selenium.remote.ProtocolHandshake createSession
INFO: Detected dialect: W3C
]]></system-err>
  </testcase>
  <testcase name="Search for items and then move to checkout page #2" classname="Search and Place order for vegetables" time="35.515">
    <error message="The step &quot;User searched for Beetroot vegetables&quot; is undefined. You can implement it using the snippet(s) below:&#10;&#10;@When(&quot;User searched for Beetroot vegetables&quot;)&#10;public void user_searched_for_beetroot_vegetables() {&#10;    // Write code here that turns the phrase above into concrete actions&#10;    throw new io.cucumber.java.PendingException();&#10;}&#10;&#10;&#10;Some other steps were also undefined:&#10;&#10;@Then(&quot;Verify selected Beetroot items are displayed in checkout page&quot;)&#10;public void verify_selected_beetroot_items_are_displayed_in_checkout_page() {&#10;    // Write code here that turns the phrase above into concrete actions&#10;    throw new io.cucumber.java.PendingException();&#10;}&#10;" type="io.cucumber.junit.UndefinedStepException">io.cucumber.junit.UndefinedStepException: 
The step "User searched for Beetroot vegetables" is undefined. You can implement it using the snippet(s) below:

@When("User searched for Beetroot vegetables")
public void user_searched_for_beetroot_vegetables() {
    // Write code here that turns the phrase above into concrete actions
    throw new io.cucumber.java.PendingException();
}


Some other steps were also undefined:

@Then("Verify selected Beetroot items are displayed in checkout page")
public void verify_selected_beetroot_items_are_displayed_in_checkout_page() {
    // Write code here that turns the phrase above into concrete actions
    throw new io.cucumber.java.PendingException();
}

</error>
    <system-out><![CDATA[
@SeleniumTest
Scenario Outline: Search for items and then move to checkout page    # src/test/java/features/searchField.feature:21
  Given User is on GreenKart Landing Page                            # stepDefinations.MyStepDefinition.user_is_on_green_kart_landing_page()
  When User searched for Beetroot vegetables                         # null
  And Added items to cart                                            # stepDefinations.MyStepDefinition.added_items_to_cart()
  And User proceeded to checkout page for purchase                   # stepDefinations.MyStepDefinition.user_proceeded_to_checkout_page_for_purchase()
  Then Verify selected Beetroot items are displayed in checkout page # null
]]></system-out>
    <system-err><![CDATA[Starting ChromeDriver 85.0.4183.87 (cd6713ebf92fa1cacc0f1a598df280093af0c5d7-refs/branch-heads/4183@{#1689}) on port 22525
Only local connections are allowed.
Please see https://chromedriver.chromium.org/security-considerations for suggestions on keeping ChromeDriver safe.
ChromeDriver was started successfully.
Sep 23, 2020 10:18:41 PM org.openqa.selenium.remote.ProtocolHandshake createSession
INFO: Detected dialect: W3C
]]></system-err>
  </testcase>
</testsuite>